# JRE version: Java(TM) SE Runtime Environment (8.0_221-b11) (build 1.8.0_221-b11)
# Java VM: Java HotSpot(TM) 64-Bit Server VM (25.221-b11 mixed mode windows-amd64 compressed oops)
Heap:
 PSYoungGen      total 203264K, used 35503K [0x000000076bb80000, 0x0000000779880000, 0x00000007c0000000)
  eden space 188928K, 11% used [0x000000076bb80000,0x000000076d18d7a0,0x0000000777400000)
  from space 14336K, 90% used [0x0000000778280000,0x0000000778f1e628,0x0000000779080000)
  to   space 14848K, 0% used [0x0000000777400000,0x0000000777400000,0x0000000778280000)
 ParOldGen       total 108032K, used 11593K [0x00000006c3200000, 0x00000006c9b80000, 0x000000076bb80000)
  object space 108032K, 10% used [0x00000006c3200000,0x00000006c3d527a0,0x00000006c9b80000)
 Metaspace       used 25730K, capacity 26440K, committed 26624K, reserved 1073152K
  class space    used 3006K, capacity 3222K, committed 3328K, reserved 1048576K
GC Heap History (10 events):
Event: 4.958 GC heap before
{Heap before GC invocations=7 (full 1):
 PSYoungGen      total 75776K, used 74569K [0x000000076bb80000, 0x0000000772d80000, 0x00000007c0000000)
  eden space 65024K, 100% used [0x000000076bb80000,0x000000076fb00000,0x000000076fb00000)
  from space 10752K, 88% used [0x000000076fb00000,0x0000000770452550,0x0000000770580000)
  to   space 10752K, 0% used [0x0000000772300000,0x0000000772300000,0x0000000772d80000)
 ParOldGen       total 108032K, used 9607K [0x00000006c3200000, 0x00000006c9b80000, 0x000000076bb80000)
  object space 108032K, 8% used [0x00000006c3200000,0x00000006c3b61d48,0x00000006c9b80000)
 Metaspace       used 25515K, capacity 26248K, committed 26624K, reserved 1073152K
  class space    used 3005K, capacity 3222K, committed 3328K, reserved 1048576K
Event: 4.964 GC heap after
Heap after GC invocations=7 (full 1):
 PSYoungGen      total 104448K, used 10743K [0x000000076bb80000, 0x0000000773000000, 0x00000007c0000000)
  eden space 93696K, 0% used [0x000000076bb80000,0x000000076bb80000,0x0000000771700000)
  from space 10752K, 99% used [0x0000000772300000,0x0000000772d7dd98,0x0000000772d80000)
  to   space 12288K, 0% used [0x0000000771700000,0x0000000771700000,0x0000000772300000)
 ParOldGen       total 108032K, used 11423K [0x00000006c3200000, 0x00000006c9b80000, 0x000000076bb80000)
  object space 108032K, 10% used [0x00000006c3200000,0x00000006c3d27ee0,0x00000006c9b80000)
 Metaspace       used 25515K, capacity 26248K, committed 26624K, reserved 1073152K
  class space    used 3005K, capacity 3222K, committed 3328K, reserved 1048576K
}
Event: 5.494 GC heap before
{Heap before GC invocations=8 (full 1):
 PSYoungGen      total 104448K, used 104439K [0x000000076bb80000, 0x0000000773000000, 0x00000007c0000000)
  eden space 93696K, 100% used [0x000000076bb80000,0x0000000771700000,0x0000000771700000)
  from space 10752K, 99% used [0x0000000772300000,0x0000000772d7dd98,0x0000000772d80000)
  to   space 12288K, 0% used [0x0000000771700000,0x0000000771700000,0x0000000772300000)
 ParOldGen       total 108032K, used 11423K [0x00000006c3200000, 0x00000006c9b80000, 0x000000076bb80000)
  object space 108032K, 10% used [0x00000006c3200000,0x00000006c3d27ee0,0x00000006c9b80000)
 Metaspace       used 25676K, capacity 26440K, committed 26624K, reserved 1073152K
  class space    used 3006K, capacity 3222K, committed 3328K, reserved 1048576K
Event: 5.499 GC heap after
Heap after GC invocations=8 (full 1):
 PSYoungGen      total 105984K, used 11611K [0x000000076bb80000, 0x0000000775a80000, 0x00000007c0000000)
  eden space 93696K, 0% used [0x000000076bb80000,0x000000076bb80000,0x0000000771700000)
  from space 12288K, 94% used [0x0000000771700000,0x0000000772256f38,0x0000000772300000)
  to   space 12800K, 0% used [0x0000000774e00000,0x0000000774e00000,0x0000000775a80000)
 ParOldGen       total 108032K, used 11431K [0x00000006c3200000, 0x00000006c9b80000, 0x000000076bb80000)
  object space 108032K, 10% used [0x00000006c3200000,0x00000006c3d29ee0,0x00000006c9b80000)
 Metaspace       used 25676K, capacity 26440K, committed 26624K, reserved 1073152K
  class space    used 3006K, capacity 3222K, committed 3328K, reserved 1048576K
}
Event: 5.691 GC heap before
{Heap before GC invocations=9 (full 1):
 PSYoungGen      total 105984K, used 105307K [0x000000076bb80000, 0x0000000775a80000, 0x00000007c0000000)
  eden space 93696K, 100% used [0x000000076bb80000,0x0000000771700000,0x0000000771700000)
  from space 12288K, 94% used [0x0000000771700000,0x0000000772256f38,0x0000000772300000)
  to   space 12800K, 0% used [0x0000000774e00000,0x0000000774e00000,0x0000000775a80000)
 ParOldGen       total 108032K, used 11431K [0x00000006c3200000, 0x00000006c9b80000, 0x000000076bb80000)
  object space 108032K, 10% used [0x00000006c3200000,0x00000006c3d29ee0,0x00000006c9b80000)
 Metaspace       used 25699K, capacity 26440K, committed 26624K, reserved 1073152K
  class space    used 3006K, capacity 3222K, committed 3328K, reserved 1048576K
Event: 5.698 GC heap after
Heap after GC invocations=9 (full 1):
 PSYoungGen      total 149504K, used 12169K [0x000000076bb80000, 0x0000000776800000, 0x00000007c0000000)
  eden space 136704K, 0% used [0x000000076bb80000,0x000000076bb80000,0x0000000774100000)
  from space 12800K, 95% used [0x0000000774e00000,0x00000007759e27a8,0x0000000775a80000)
  to   space 13312K, 0% used [0x0000000774100000,0x0000000774100000,0x0000000774e00000)
 ParOldGen       total 108032K, used 11431K [0x00000006c3200000, 0x00000006c9b80000, 0x000000076bb80000)
  object space 108032K, 10% used [0x00000006c3200000,0x00000006c3d29ee0,0x00000006c9b80000)
 Metaspace       used 25699K, capacity 26440K, committed 26624K, reserved 1073152K
  class space    used 3006K, capacity 3222K, committed 3328K, reserved 1048576K
}
Event: 5.973 GC heap before
{Heap before GC invocations=10 (full 1):
 PSYoungGen      total 149504K, used 148873K [0x000000076bb80000, 0x0000000776800000, 0x00000007c0000000)
  eden space 136704K, 100% used [0x000000076bb80000,0x0000000774100000,0x0000000774100000)
  from space 12800K, 95% used [0x0000000774e00000,0x00000007759e27a8,0x0000000775a80000)
  to   space 13312K, 0% used [0x0000000774100000,0x0000000774100000,0x0000000774e00000)
 ParOldGen       total 108032K, used 11431K [0x00000006c3200000, 0x00000006c9b80000, 0x000000076bb80000)
  object space 108032K, 10% used [0x00000006c3200000,0x00000006c3d29ee0,0x00000006c9b80000)
 Metaspace       used 25717K, capacity 26440K, committed 26624K, reserved 1073152K
  class space    used 3006K, capacity 3222K, committed 3328K, reserved 1048576K
Event: 5.981 GC heap after
Heap after GC invocations=10 (full 1):
 PSYoungGen      total 150016K, used 13284K [0x000000076bb80000, 0x0000000779080000, 0x00000007c0000000)
  eden space 136704K, 0% used [0x000000076bb80000,0x000000076bb80000,0x0000000774100000)
  from space 13312K, 99% used [0x0000000774100000,0x0000000774df93a0,0x0000000774e00000)
  to   space 14336K, 0% used [0x0000000778280000,0x0000000778280000,0x0000000779080000)
 ParOldGen       total 108032K, used 11585K [0x00000006c3200000, 0x00000006c9b80000, 0x000000076bb80000)
  object space 108032K, 10% used [0x00000006c3200000,0x00000006c3d507a0,0x00000006c9b80000)
 Metaspace       used 25717K, capacity 26440K, committed 26624K, reserved 1073152K
  class space    used 3006K, capacity 3222K, committed 3328K, reserved 1048576K
}
Event: 6.145 GC heap before
{Heap before GC invocations=11 (full 1):
 PSYoungGen      total 150016K, used 149988K [0x000000076bb80000, 0x0000000779080000, 0x00000007c0000000)
  eden space 136704K, 100% used [0x000000076bb80000,0x0000000774100000,0x0000000774100000)
  from space 13312K, 99% used [0x0000000774100000,0x0000000774df93a0,0x0000000774e00000)
  to   space 14336K, 0% used [0x0000000778280000,0x0000000778280000,0x0000000779080000)
 ParOldGen       total 108032K, used 11585K [0x00000006c3200000, 0x00000006c9b80000, 0x000000076bb80000)
  object space 108032K, 10% used [0x00000006c3200000,0x00000006c3d507a0,0x00000006c9b80000)
 Metaspace       used 25730K, capacity 26440K, committed 26624K, reserved 1073152K
  class space    used 3006K, capacity 3222K, committed 3328K, reserved 1048576K
Event: 6.154 GC heap after
Heap after GC invocations=11 (full 1):
 PSYoungGen      total 203264K, used 12921K [0x000000076bb80000, 0x0000000779880000, 0x00000007c0000000)
  eden space 188928K, 0% used [0x000000076bb80000,0x000000076bb80000,0x0000000777400000)
  from space 14336K, 90% used [0x0000000778280000,0x0000000778f1e628,0x0000000779080000)
  to   space 14848K, 0% used [0x0000000777400000,0x0000000777400000,0x0000000778280000)
 ParOldGen       total 108032K, used 11593K [0x00000006c3200000, 0x00000006c9b80000, 0x000000076bb80000)
  object space 108032K, 10% used [0x00000006c3200000,0x00000006c3d527a0,0x00000006c9b80000)
 Metaspace       used 25730K, capacity 26440K, committed 26624K, reserved 1073152K
  class space    used 3006K, capacity 3222K, committed 3328K, reserved 1048576K
}

