# JRE version: Java(TM) SE Runtime Environment (8.0_221-b11) (build 1.8.0_221-b11)
# Java VM: Java HotSpot(TM) 64-Bit Server VM (25.221-b11 mixed mode windows-amd64 compressed oops)
Heap:
 PSYoungGen      total 106496K, used 32662K [0x000000076bb80000, 0x0000000773380000, 0x00000007c0000000)
  eden space 95744K, 31% used [0x000000076bb80000,0x000000076d963e70,0x0000000771900000)
  from space 10752K, 19% used [0x0000000772500000,0x0000000772701b58,0x0000000772f80000)
  to   space 12288K, 0% used [0x0000000771900000,0x0000000771900000,0x0000000772500000)
 ParOldGen       total 105984K, used 23530K [0x00000006c3200000, 0x00000006c9980000, 0x000000076bb80000)
  object space 105984K, 22% used [0x00000006c3200000,0x00000006c48fab10,0x00000006c9980000)
 Metaspace       used 25720K, capacity 26434K, committed 26624K, reserved 1073152K
  class space    used 3007K, capacity 3221K, committed 3328K, reserved 1048576K
GC Heap History (10 events):
Event: 4.900 GC heap before
{Heap before GC invocations=7 (full 1):
 PSYoungGen      total 75776K, used 74458K [0x000000076bb80000, 0x0000000772f80000, 0x00000007c0000000)
  eden space 65024K, 100% used [0x000000076bb80000,0x000000076fb00000,0x000000076fb00000)
  from space 10752K, 87% used [0x000000076fb00000,0x0000000770436aa0,0x0000000770580000)
  to   space 10752K, 0% used [0x0000000772500000,0x0000000772500000,0x0000000772f80000)
 ParOldGen       total 105984K, used 9530K [0x00000006c3200000, 0x00000006c9980000, 0x000000076bb80000)
  object space 105984K, 8% used [0x00000006c3200000,0x00000006c3b4ea38,0x00000006c9980000)
 Metaspace       used 25518K, capacity 26242K, committed 26624K, reserved 1073152K
  class space    used 3007K, capacity 3221K, committed 3328K, reserved 1048576K
Event: 4.912 GC heap after
Heap after GC invocations=7 (full 1):
 PSYoungGen      total 106496K, used 10746K [0x000000076bb80000, 0x0000000773380000, 0x00000007c0000000)
  eden space 95744K, 0% used [0x000000076bb80000,0x000000076bb80000,0x0000000771900000)
  from space 10752K, 99% used [0x0000000772500000,0x0000000772f7e8f0,0x0000000772f80000)
  to   space 12288K, 0% used [0x0000000771900000,0x0000000771900000,0x0000000772500000)
 ParOldGen       total 105984K, used 11478K [0x00000006c3200000, 0x00000006c9980000, 0x000000076bb80000)
  object space 105984K, 10% used [0x00000006c3200000,0x00000006c3d358e8,0x00000006c9980000)
 Metaspace       used 25518K, capacity 26242K, committed 26624K, reserved 1073152K
  class space    used 3007K, capacity 3221K, committed 3328K, reserved 1048576K
}
Event: 5.408 GC heap before
{Heap before GC invocations=8 (full 1):
 PSYoungGen      total 106496K, used 106490K [0x000000076bb80000, 0x0000000773380000, 0x00000007c0000000)
  eden space 95744K, 100% used [0x000000076bb80000,0x0000000771900000,0x0000000771900000)
  from space 10752K, 99% used [0x0000000772500000,0x0000000772f7e8f0,0x0000000772f80000)
  to   space 12288K, 0% used [0x0000000771900000,0x0000000771900000,0x0000000772500000)
 ParOldGen       total 105984K, used 11478K [0x00000006c3200000, 0x00000006c9980000, 0x000000076bb80000)
  object space 105984K, 10% used [0x00000006c3200000,0x00000006c3d358e8,0x00000006c9980000)
 Metaspace       used 25661K, capacity 26370K, committed 26624K, reserved 1073152K
  class space    used 3007K, capacity 3221K, committed 3328K, reserved 1048576K
Event: 5.417 GC heap after
Heap after GC invocations=8 (full 1):
 PSYoungGen      total 108032K, used 11682K [0x000000076bb80000, 0x0000000773380000, 0x00000007c0000000)
  eden space 95744K, 0% used [0x000000076bb80000,0x000000076bb80000,0x0000000771900000)
  from space 12288K, 95% used [0x0000000771900000,0x0000000772468a90,0x0000000772500000)
  to   space 10752K, 0% used [0x0000000772500000,0x0000000772500000,0x0000000772f80000)
 ParOldGen       total 105984K, used 11486K [0x00000006c3200000, 0x00000006c9980000, 0x000000076bb80000)
  object space 105984K, 10% used [0x00000006c3200000,0x00000006c3d378e8,0x00000006c9980000)
 Metaspace       used 25661K, capacity 26370K, committed 26624K, reserved 1073152K
  class space    used 3007K, capacity 3221K, committed 3328K, reserved 1048576K
}
Event: 5.620 GC heap before
{Heap before GC invocations=9 (full 1):
 PSYoungGen      total 108032K, used 107426K [0x000000076bb80000, 0x0000000773380000, 0x00000007c0000000)
  eden space 95744K, 100% used [0x000000076bb80000,0x0000000771900000,0x0000000771900000)
  from space 12288K, 95% used [0x0000000771900000,0x0000000772468a90,0x0000000772500000)
  to   space 10752K, 0% used [0x0000000772500000,0x0000000772500000,0x0000000772f80000)
 ParOldGen       total 105984K, used 11486K [0x00000006c3200000, 0x00000006c9980000, 0x000000076bb80000)
  object space 105984K, 10% used [0x00000006c3200000,0x00000006c3d378e8,0x00000006c9980000)
 Metaspace       used 25690K, capacity 26434K, committed 26624K, reserved 1073152K
  class space    used 3007K, capacity 3221K, committed 3328K, reserved 1048576K
Event: 5.627 GC heap after
Heap after GC invocations=9 (full 1):
 PSYoungGen      total 106496K, used 10731K [0x000000076bb80000, 0x0000000773380000, 0x00000007c0000000)
  eden space 95744K, 0% used [0x000000076bb80000,0x000000076bb80000,0x0000000771900000)
  from space 10752K, 99% used [0x0000000772500000,0x0000000772f7ad38,0x0000000772f80000)
  to   space 12288K, 0% used [0x0000000771900000,0x0000000771900000,0x0000000772500000)
 ParOldGen       total 105984K, used 13207K [0x00000006c3200000, 0x00000006c9980000, 0x000000076bb80000)
  object space 105984K, 12% used [0x00000006c3200000,0x00000006c3ee5c88,0x00000006c9980000)
 Metaspace       used 25690K, capacity 26434K, committed 26624K, reserved 1073152K
  class space    used 3007K, capacity 3221K, committed 3328K, reserved 1048576K
}
Event: 5.832 GC heap before
{Heap before GC invocations=10 (full 1):
 PSYoungGen      total 106496K, used 106475K [0x000000076bb80000, 0x0000000773380000, 0x00000007c0000000)
  eden space 95744K, 100% used [0x000000076bb80000,0x0000000771900000,0x0000000771900000)
  from space 10752K, 99% used [0x0000000772500000,0x0000000772f7ad38,0x0000000772f80000)
  to   space 12288K, 0% used [0x0000000771900000,0x0000000771900000,0x0000000772500000)
 ParOldGen       total 105984K, used 13207K [0x00000006c3200000, 0x00000006c9980000, 0x000000076bb80000)
  object space 105984K, 12% used [0x00000006c3200000,0x00000006c3ee5c88,0x00000006c9980000)
 Metaspace       used 25706K, capacity 26434K, committed 26624K, reserved 1073152K
  class space    used 3007K, capacity 3221K, committed 3328K, reserved 1048576K
Event: 5.839 GC heap after
Heap after GC invocations=10 (full 1):
 PSYoungGen      total 108032K, used 4569K [0x000000076bb80000, 0x0000000773380000, 0x00000007c0000000)
  eden space 95744K, 0% used [0x000000076bb80000,0x000000076bb80000,0x0000000771900000)
  from space 12288K, 37% used [0x0000000771900000,0x0000000771d76720,0x0000000772500000)
  to   space 10752K, 0% used [0x0000000772500000,0x0000000772500000,0x0000000772f80000)
 ParOldGen       total 105984K, used 21661K [0x00000006c3200000, 0x00000006c9980000, 0x000000076bb80000)
  object space 105984K, 20% used [0x00000006c3200000,0x00000006c4727798,0x00000006c9980000)
 Metaspace       used 25706K, capacity 26434K, committed 26624K, reserved 1073152K
  class space    used 3007K, capacity 3221K, committed 3328K, reserved 1048576K
}
Event: 5.969 GC heap before
{Heap before GC invocations=11 (full 1):
 PSYoungGen      total 108032K, used 100313K [0x000000076bb80000, 0x0000000773380000, 0x00000007c0000000)
  eden space 95744K, 100% used [0x000000076bb80000,0x0000000771900000,0x0000000771900000)
  from space 12288K, 37% used [0x0000000771900000,0x0000000771d76720,0x0000000772500000)
  to   space 10752K, 0% used [0x0000000772500000,0x0000000772500000,0x0000000772f80000)
 ParOldGen       total 105984K, used 21661K [0x00000006c3200000, 0x00000006c9980000, 0x000000076bb80000)
  object space 105984K, 20% used [0x00000006c3200000,0x00000006c4727798,0x00000006c9980000)
 Metaspace       used 25711K, capacity 26434K, committed 26624K, reserved 1073152K
  class space    used 3007K, capacity 3221K, committed 3328K, reserved 1048576K
Event: 5.971 GC heap after
Heap after GC invocations=11 (full 1):
 PSYoungGen      total 106496K, used 2054K [0x000000076bb80000, 0x0000000773380000, 0x00000007c0000000)
  eden space 95744K, 0% used [0x000000076bb80000,0x000000076bb80000,0x0000000771900000)
  from space 10752K, 19% used [0x0000000772500000,0x0000000772701b58,0x0000000772f80000)
  to   space 12288K, 0% used [0x0000000771900000,0x0000000771900000,0x0000000772500000)
 ParOldGen       total 105984K, used 23530K [0x00000006c3200000, 0x00000006c9980000, 0x000000076bb80000)
  object space 105984K, 22% used [0x00000006c3200000,0x00000006c48fab10,0x00000006c9980000)
 Metaspace       used 25711K, capacity 26434K, committed 26624K, reserved 1073152K
  class space    used 3007K, capacity 3221K, committed 3328K, reserved 1048576K
}

